<?xml version="1.0" encoding="UTF-8"?>
<testsuite xmlns:xsi="http://www.w3.org/2001/XMLSchema-instance" xsi:noNamespaceSchemaLocation="https://maven.apache.org/surefire/maven-surefire-plugin/xsd/surefire-test-report.xsd" version="3.0.2" name="com.infy.project.ApplicationTests" time="8.861" tests="1" errors="0" skipped="0" failures="0">
  <properties>
[...]
</properties>
  <testcase name="contextLoads" classname="com.infy.project.ApplicationTests" time="1.224">
    <system-out><![CDATA[17:09:20.957 [main] INFO org.springframework.test.context.support.AnnotationConfigContextLoaderUtils -- Could not detect default configuration classes for test class [com.infy.project.ApplicationTests]: ApplicationTests does not declare any static, non-private, non-final, nested classes annotated with @Configuration.
17:09:21.082 [main] INFO org.springframework.boot.test.context.SpringBootTestContextBootstrapper -- Found @SpringBootConfiguration com.infy.project.Application for test class com.infy.project.ApplicationTests

  .   ____          _            __ _ _
 /\\ / ___'_ __ _ _(_)_ __  __ _ \ \ \ \
( ( )\___ | '_ | '_| | '_ \/ _` | \ \ \ \
 \\/  ___)| |_)| | | | | || (_| |  ) ) ) )
  '  |____| .__|_| |_|_| |_\__, | / / / /
 =========|_|==============|___/=/_/_/_/

 :: Spring Boot ::                (v3.5.6)

2025-11-14T17:09:21.533+05:30  INFO 31048 --- [Study Group Finder & Collaboration Platform] [           main] com.infy.project.ApplicationTests        : Starting ApplicationTests using Java 21.0.8 with PID 31048 (started by VAMSIDHAR REDDY in C:\Users\VAMSIDHAR REDDY\OneDrive\Pictures\10 to b.tech\infy (doc and github)\Teamwork\backend)
2025-11-14T17:09:21.534+05:30  INFO 31048 --- [Study Group Finder & Collaboration Platform] [           main] com.infy.project.ApplicationTests        : No active profile set, falling back to 1 default profile: "default"
2025-11-14T17:09:22.417+05:30  INFO 31048 --- [Study Group Finder & Collaboration Platform] [           main] .s.d.r.c.RepositoryConfigurationDelegate : Bootstrapping Spring Data JPA repositories in DEFAULT mode.
2025-11-14T17:09:22.534+05:30  INFO 31048 --- [Study Group Finder & Collaboration Platform] [           main] .s.d.r.c.RepositoryConfigurationDelegate : Finished Spring Data repository scanning in 107 ms. Found 16 JPA repository interfaces.
2025-11-14T17:09:23.152+05:30  INFO 31048 --- [Study Group Finder & Collaboration Platform] [           main] o.hibernate.jpa.internal.util.LogHelper  : HHH000204: Processing PersistenceUnitInfo [name: default]
2025-11-14T17:09:23.232+05:30  INFO 31048 --- [Study Group Finder & Collaboration Platform] [           main] org.hibernate.Version                    : HHH000412: Hibernate ORM core version 6.6.29.Final
2025-11-14T17:09:23.279+05:30  INFO 31048 --- [Study Group Finder & Collaboration Platform] [           main] o.h.c.internal.RegionFactoryInitiator    : HHH000026: Second-level cache disabled
2025-11-14T17:09:23.770+05:30  INFO 31048 --- [Study Group Finder & Collaboration Platform] [           main] o.s.o.j.p.SpringPersistenceUnitInfo      : No LoadTimeWeaver setup: ignoring JPA class transformer
2025-11-14T17:09:23.821+05:30  INFO 31048 --- [Study Group Finder & Collaboration Platform] [           main] com.zaxxer.hikari.HikariDataSource       : HikariPool-1 - Starting...
2025-11-14T17:09:24.322+05:30  INFO 31048 --- [Study Group Finder & Collaboration Platform] [           main] com.zaxxer.hikari.pool.HikariPool        : HikariPool-1 - Added connection com.mysql.cj.jdbc.ConnectionImpl@71734463
2025-11-14T17:09:24.325+05:30  INFO 31048 --- [Study Group Finder & Collaboration Platform] [           main] com.zaxxer.hikari.HikariDataSource       : HikariPool-1 - Start completed.
2025-11-14T17:09:24.423+05:30  INFO 31048 --- [Study Group Finder & Collaboration Platform] [           main] org.hibernate.orm.connections.pooling    : HHH10001005: Database info:
	Database JDBC URL [Connecting through datasource 'HikariDataSource (HikariPool-1)']
	Database driver: undefined/unknown
	Database version: 8.0.44
	Autocommit mode: undefined/unknown
	Isolation level: undefined/unknown
	Minimum pool size: undefined/unknown
	Maximum pool size: undefined/unknown
2025-11-14T17:09:25.727+05:30  INFO 31048 --- [Study Group Finder & Collaboration Platform] [           main] o.h.e.t.j.p.i.JtaPlatformInitiator       : HHH000489: No JTA platform available (set 'hibernate.transaction.jta.platform' to enable JTA platform integration)
2025-11-14T17:09:25.870+05:30  INFO 31048 --- [Study Group Finder & Collaboration Platform] [           main] j.LocalContainerEntityManagerFactoryBean : Initialized JPA EntityManagerFactory for persistence unit 'default'
2025-11-14T17:09:26.394+05:30  INFO 31048 --- [Study Group Finder & Collaboration Platform] [           main] o.s.d.j.r.query.QueryEnhancerFactory     : Hibernate is in classpath; If applicable, HQL parser will be used.
2025-11-14T17:09:27.516+05:30  WARN 31048 --- [Study Group Finder & Collaboration Platform] [           main] JpaBaseConfiguration$JpaWebConfiguration : spring.jpa.open-in-view is enabled by default. Therefore, database queries may be performed during view rendering. Explicitly configure spring.jpa.open-in-view to disable this warning
2025-11-14T17:09:27.842+05:30  INFO 31048 --- [Study Group Finder & Collaboration Platform] [           main] r$InitializeUserDetailsManagerConfigurer : Global AuthenticationManager configured with UserDetailsService bean with name inMemoryUserDetailsManager
2025-11-14T17:09:28.009+05:30  INFO 31048 --- [Study Group Finder & Collaboration Platform] [           main] o.s.v.b.OptionalValidatorFactoryBean     : Failed to set up a Bean Validation provider: jakarta.validation.NoProviderFoundException: Unable to create a Configuration, because no Jakarta Bean Validation provider could be found. Add a provider like Hibernate Validator (RI) to your classpath.
2025-11-14T17:09:28.387+05:30  INFO 31048 --- [Study Group Finder & Collaboration Platform] [           main] o.s.m.s.b.SimpleBrokerMessageHandler     : Starting...
2025-11-14T17:09:28.389+05:30  INFO 31048 --- [Study Group Finder & Collaboration Platform] [           main] o.s.m.s.b.SimpleBrokerMessageHandler     : BrokerAvailabilityEvent[available=true, SimpleBrokerMessageHandler [org.springframework.messaging.simp.broker.DefaultSubscriptionRegistry@30f51f8a]]
2025-11-14T17:09:28.390+05:30  INFO 31048 --- [Study Group Finder & Collaboration Platform] [           main] o.s.m.s.b.SimpleBrokerMessageHandler     : Started.
2025-11-14T17:09:28.410+05:30  INFO 31048 --- [Study Group Finder & Collaboration Platform] [           main] com.infy.project.ApplicationTests        : Started ApplicationTests in 7.15 seconds (process running for 8.193)
]]></system-out>
    <system-err><![CDATA[Mockito is currently self-attaching to enable the inline-mock-maker. This will no longer work in future releases of the JDK. Please add Mockito as an agent to your build as described in Mockito's documentation: https://javadoc.io/doc/org.mockito/mockito-core/latest/org.mockito/org/mockito/Mockito.html#0.3
WARNING: A Java agent has been loaded dynamically (C:\Users\VAMSIDHAR REDDY\.m2\repository\net\bytebuddy\byte-buddy-agent\1.17.7\byte-buddy-agent-1.17.7.jar)
WARNING: If a serviceability tool is in use, please run with -XX:+EnableDynamicAgentLoading to hide this warning
WARNING: If a serviceability tool is not in use, please run with -Djdk.instrument.traceUsage for more information
WARNING: Dynamic loading of agents will be disallowed by default in a future release
]]></system-err>
  </testcase>
</testsuite>